#
# There is insufficient memory for the Java Runtime Environment to continue.
# Native memory allocation (mmap) failed to map 65536 bytes for Failed to commit metaspace.
# Possible reasons:
#   The system is out of physical RAM or swap space
#   The process is running with CompressedOops enabled, and the Java Heap may be blocking the growth of the native heap
# Possible solutions:
#   Reduce memory load on the system
#   Increase physical memory or swap space
#   Check if swap backing store is full
#   Decrease Java heap size (-Xmx/-Xms)
#   Decrease number of Java threads
#   Decrease Java thread stack sizes (-Xss)
#   Set larger code cache with -XX:ReservedCodeCacheSize=
#   JVM is running with Unscaled Compressed Oops mode in which the Java heap is
#     placed in the first 4GB address space. The Java Heap base address is the
#     maximum limit for the native heap growth. Please use -XX:HeapBaseMinAddress
#     to set the Java Heap base and to place the Java Heap above 4GB virtual address.
# This output file may be truncated or incomplete.
#
#  Out of Memory Error (virtualSpaceNode.cpp:110), pid=18232, tid=16784
#
# JRE version: Java(TM) SE Runtime Environment (19.0.1+10) (build 19.0.1+10-21)
# Java VM: Java HotSpot(TM) 64-Bit Server VM (19.0.1+10-21, mixed mode, tiered, compressed oops, compressed class ptrs, g1 gc, windows-amd64)
# No core dump will be written. Minidumps are not enabled by default on client versions of Windows
#

---------------  S U M M A R Y ------------

Command Line: -Dfile.encoding=UTF-8 --module-path=C:\Users\pc\Documents\NetBeansProjects\Gas Booking System\build\classes gas.booking.system.Booking

Host: AMD Ryzen 5 2500U with Radeon Vega Mobile Gfx  , 8 cores, 6G,  Windows 10 , 64 bit Build 19041 (10.0.19041.2546)
Time: Sun Jan 29 01:37:30 2023 India Standard Time elapsed time: 0.553628 seconds (0d 0h 0m 0s)

---------------  T H R E A D  ---------------

Current thread (0x000002da54c8a030):  JavaThread "main" [_thread_in_vm, id=16784, stack(0x000000e6b2d00000,0x000000e6b2e00000)]

Stack: [0x000000e6b2d00000,0x000000e6b2e00000]
Native frames: (J=compiled Java code, j=interpreted, Vv=VM code, C=native code)
V  [jvm.dll+0x6ee8fa]
V  [jvm.dll+0x857a1e]
V  [jvm.dll+0x85940e]
V  [jvm.dll+0x859ac3]
V  [jvm.dll+0x28291f]
V  [jvm.dll+0x85369b]
V  [jvm.dll+0x693276]
V  [jvm.dll+0x6932da]
V  [jvm.dll+0x695bd3]
V  [jvm.dll+0x695a9e]
V  [jvm.dll+0x693c9e]
V  [jvm.dll+0x6a52a9]
V  [jvm.dll+0x69e5f4]
V  [jvm.dll+0x3dac31]
C  0x000002da6414e878

Java frames: (J=compiled Java code, j=interpreted, Vv=VM code)
j  java.awt.GraphicsEnvironment.isHeadless()Z+0 java.desktop@19.0.1
j  java.awt.Insets.<clinit>()V+3 java.desktop@19.0.1
v  ~StubRoutines::call_stub 0x000002da6413100e
j  java.awt.Toolkit.initIDs()V+0 java.desktop@19.0.1
j  java.awt.Toolkit.initStatic()V+27 java.desktop@19.0.1
j  java.awt.Toolkit.<clinit>()V+20 java.desktop@19.0.1
v  ~StubRoutines::call_stub 0x000002da6413100e
j  java.awt.Component.<clinit>()V+93 java.desktop@19.0.1
v  ~StubRoutines::call_stub 0x000002da6413100e

---------------  P R O C E S S  ---------------

Threads class SMR info:
_java_thread_list=0x000002da042ab240, length=12, elements={
0x000002da54c8a030, 0x000002da04070550, 0x000002da04071340, 0x000002da04080ab0,
0x000002da04081950, 0x000002da04058a90, 0x000002da040597d0, 0x000002da0405ac50,
0x000002da04046610, 0x000002da040477a0, 0x000002da04222020, 0x000002da042dae80
}

Java Threads: ( => current thread )
=>0x000002da54c8a030 JavaThread "main" [_thread_in_vm, id=16784, stack(0x000000e6b2d00000,0x000000e6b2e00000)]
  0x000002da04070550 JavaThread "Reference Handler" daemon [_thread_blocked, id=25980, stack(0x000000e6b3400000,0x000000e6b3500000)]
  0x000002da04071340 JavaThread "Finalizer" daemon [_thread_blocked, id=25972, stack(0x000000e6b3500000,0x000000e6b3600000)]
  0x000002da04080ab0 JavaThread "Signal Dispatcher" daemon [_thread_blocked, id=4996, stack(0x000000e6b3600000,0x000000e6b3700000)]
  0x000002da04081950 JavaThread "Attach Listener" daemon [_thread_blocked, id=17192, stack(0x000000e6b3700000,0x000000e6b3800000)]
  0x000002da04058a90 JavaThread "Service Thread" daemon [_thread_blocked, id=25884, stack(0x000000e6b3800000,0x000000e6b3900000)]
  0x000002da040597d0 JavaThread "Monitor Deflation Thread" daemon [_thread_blocked, id=25992, stack(0x000000e6b3900000,0x000000e6b3a00000)]
  0x000002da0405ac50 JavaThread "C2 CompilerThread0" daemon [_thread_blocked, id=22912, stack(0x000000e6b3a00000,0x000000e6b3b00000)]
  0x000002da04046610 JavaThread "C1 CompilerThread0" daemon [_thread_blocked, id=23628, stack(0x000000e6b3b00000,0x000000e6b3c00000)]
  0x000002da040477a0 JavaThread "Sweeper thread" daemon [_thread_blocked, id=7140, stack(0x000000e6b3c00000,0x000000e6b3d00000)]
  0x000002da04222020 JavaThread "Common-Cleaner" daemon [_thread_blocked, id=25996, stack(0x000000e6b3d00000,0x000000e6b3e00000)]
  0x000002da042dae80 JavaThread "Notification Thread" daemon [_thread_blocked, id=7220, stack(0x000000e6b3e00000,0x000000e6b3f00000)]

Other Threads:
  0x000002da72bd62e0 VMThread "VM Thread" [stack: 0x000000e6b3300000,0x000000e6b3400000] [id=26048]
  0x000002da042fc620 WatcherThread "VM Periodic Task Thread" [stack: 0x000000e6b3f00000,0x000000e6b4000000] [id=25944]
  0x000002da54ce2ba0 WorkerThread "GC Thread#0" [stack: 0x000000e6b2e00000,0x000000e6b2f00000] [id=2292]
  0x000002da54cf3b30 ConcurrentGCThread "G1 Main Marker" [stack: 0x000000e6b2f00000,0x000000e6b3000000] [id=11652]
  0x000002da54cf4560 WorkerThread "G1 Conc#0" [stack: 0x000000e6b3000000,0x000000e6b3100000] [id=25976]
  0x000002da54d5e710 ConcurrentGCThread "G1 Refine#0" [stack: 0x000000e6b3100000,0x000000e6b3200000] [id=17708]
  0x000002da72a2c480 ConcurrentGCThread "G1 Service" [stack: 0x000000e6b3200000,0x000000e6b3300000] [id=26044]

Threads with active compile tasks:

VM state: not at safepoint (normal execution)

VM Mutex/Monitor currently owned by a thread:  ([mutex/lock_event])
[0x000002da54c84a50] Metaspace_lock - owner thread: 0x000002da54c8a030

Heap address: 0x0000000090c00000, size: 1780 MB, Compressed Oops mode: 32-bit

CDS archive(s) not mapped
Compressed class space mapped at: 0x0000000100000000-0x0000000140000000, reserved size: 1073741824
Narrow klass base: 0x0000000000000000, Narrow klass shift: 3, Narrow klass range: 0x140000000

GC Precious Log:
 CardTable entry size: 512
 Card Set container configuration: InlinePtr #cards 5 size 8 Array Of Cards #cards 12 size 40 Howl #buckets 4 coarsen threshold 1843 Howl Bitmap #cards 512 size 80 coarsen threshold 460 Card regions per heap region 1 cards per card region 2048
 CPUs: 8 total, 8 available
 Memory: 7117M
 Large Page Support: Disabled
 NUMA Support: Disabled
 Compressed Oops: Enabled (32-bit)
 Heap Region Size: 1M
 Heap Min Capacity: 8M
 Heap Initial Capacity: 112M
 Heap Max Capacity: 1780M
 Pre-touch: Disabled
 Parallel Workers: 8
 Concurrent Workers: 2
 Concurrent Refinement Workers: 8
 Periodic GC: Disabled

Heap:
 garbage-first heap   total 114688K, used 3072K [0x0000000090c00000, 0x0000000100000000)
  region size 1024K, 4 young (4096K), 0 survivors (0K)
 Metaspace       used 7987K, committed 8128K, reserved 1114112K
  class space    used 668K, committed 768K, reserved 1048576K

Heap Regions: E=young(eden), S=young(survivor), O=old, HS=humongous(starts), HC=humongous(continues), CS=collection set, F=free, OA=open archive, CA=closed archive, TAMS=top-at-mark-start (previous, next)
|   0|0x0000000090c00000, 0x0000000090c00000, 0x0000000090d00000|  0%| F|  |TAMS 0x0000000090c00000, 0x0000000090c00000| Untracked 
|   1|0x0000000090d00000, 0x0000000090d00000, 0x0000000090e00000|  0%| F|  |TAMS 0x0000000090d00000, 0x0000000090d00000| Untracked 
|   2|0x0000000090e00000, 0x0000000090e00000, 0x0000000090f00000|  0%| F|  |TAMS 0x0000000090e00000, 0x0000000090e00000| Untracked 
|   3|0x0000000090f00000, 0x0000000090f00000, 0x0000000091000000|  0%| F|  |TAMS 0x0000000090f00000, 0x0000000090f00000| Untracked 
|   4|0x0000000091000000, 0x0000000091000000, 0x0000000091100000|  0%| F|  |TAMS 0x0000000091000000, 0x0000000091000000| Untracked 
|   5|0x0000000091100000, 0x0000000091100000, 0x0000000091200000|  0%| F|  |TAMS 0x0000000091100000, 0x0000000091100000| Untracked 
|   6|0x0000000091200000, 0x0000000091200000, 0x0000000091300000|  0%| F|  |TAMS 0x0000000091200000, 0x0000000091200000| Untracked 
|   7|0x0000000091300000, 0x0000000091300000, 0x0000000091400000|  0%| F|  |TAMS 0x0000000091300000, 0x0000000091300000| Untracked 
|   8|0x0000000091400000, 0x0000000091400000, 0x0000000091500000|  0%| F|  |TAMS 0x0000000091400000, 0x0000000091400000| Untracked 
|   9|0x0000000091500000, 0x0000000091500000, 0x0000000091600000|  0%| F|  |TAMS 0x0000000091500000, 0x0000000091500000| Untracked 
|  10|0x0000000091600000, 0x0000000091600000, 0x0000000091700000|  0%| F|  |TAMS 0x0000000091600000, 0x0000000091600000| Untracked 
|  11|0x0000000091700000, 0x0000000091700000, 0x0000000091800000|  0%| F|  |TAMS 0x0000000091700000, 0x0000000091700000| Untracked 
|  12|0x0000000091800000, 0x0000000091800000, 0x0000000091900000|  0%| F|  |TAMS 0x0000000091800000, 0x0000000091800000| Untracked 
|  13|0x0000000091900000, 0x0000000091900000, 0x0000000091a00000|  0%| F|  |TAMS 0x0000000091900000, 0x0000000091900000| Untracked 
|  14|0x0000000091a00000, 0x0000000091a00000, 0x0000000091b00000|  0%| F|  |TAMS 0x0000000091a00000, 0x0000000091a00000| Untracked 
|  15|0x0000000091b00000, 0x0000000091b00000, 0x0000000091c00000|  0%| F|  |TAMS 0x0000000091b00000, 0x0000000091b00000| Untracked 
|  16|0x0000000091c00000, 0x0000000091c00000, 0x0000000091d00000|  0%| F|  |TAMS 0x0000000091c00000, 0x0000000091c00000| Untracked 
|  17|0x0000000091d00000, 0x0000000091d00000, 0x0000000091e00000|  0%| F|  |TAMS 0x0000000091d00000, 0x0000000091d00000| Untracked 
|  18|0x0000000091e00000, 0x0000000091e00000, 0x0000000091f00000|  0%| F|  |TAMS 0x0000000091e00000, 0x0000000091e00000| Untracked 
|  19|0x0000000091f00000, 0x0000000091f00000, 0x0000000092000000|  0%| F|  |TAMS 0x0000000091f00000, 0x0000000091f00000| Untracked 
|  20|0x0000000092000000, 0x0000000092000000, 0x0000000092100000|  0%| F|  |TAMS 0x0000000092000000, 0x0000000092000000| Untracked 
|  21|0x0000000092100000, 0x0000000092100000, 0x0000000092200000|  0%| F|  |TAMS 0x0000000092100000, 0x0000000092100000| Untracked 
|  22|0x0000000092200000, 0x0000000092200000, 0x0000000092300000|  0%| F|  |TAMS 0x0000000092200000, 0x0000000092200000| Untracked 
|  23|0x0000000092300000, 0x0000000092300000, 0x0000000092400000|  0%| F|  |TAMS 0x0000000092300000, 0x0000000092300000| Untracked 
|  24|0x0000000092400000, 0x0000000092400000, 0x0000000092500000|  0%| F|  |TAMS 0x0000000092400000, 0x0000000092400000| Untracked 
|  25|0x0000000092500000, 0x0000000092500000, 0x0000000092600000|  0%| F|  |TAMS 0x0000000092500000, 0x0000000092500000| Untracked 
|  26|0x0000000092600000, 0x0000000092600000, 0x0000000092700000|  0%| F|  |TAMS 0x0000000092600000, 0x0000000092600000| Untracked 
|  27|0x0000000092700000, 0x0000000092700000, 0x0000000092800000|  0%| F|  |TAMS 0x0000000092700000, 0x0000000092700000| Untracked 
|  28|0x0000000092800000, 0x0000000092800000, 0x0000000092900000|  0%| F|  |TAMS 0x0000000092800000, 0x0000000092800000| Untracked 
|  29|0x0000000092900000, 0x0000000092900000, 0x0000000092a00000|  0%| F|  |TAMS 0x0000000092900000, 0x0000000092900000| Untracked 
|  30|0x0000000092a00000, 0x0000000092a00000, 0x0000000092b00000|  0%| F|  |TAMS 0x0000000092a00000, 0x0000000092a00000| Untracked 
|  31|0x0000000092b00000, 0x0000000092b00000, 0x0000000092c00000|  0%| F|  |TAMS 0x0000000092b00000, 0x0000000092b00000| Untracked 
|  32|0x0000000092c00000, 0x0000000092c00000, 0x0000000092d00000|  0%| F|  |TAMS 0x0000000092c00000, 0x0000000092c00000| Untracked 
|  33|0x0000000092d00000, 0x0000000092d00000, 0x0000000092e00000|  0%| F|  |TAMS 0x0000000092d00000, 0x0000000092d00000| Untracked 
|  34|0x0000000092e00000, 0x0000000092e00000, 0x0000000092f00000|  0%| F|  |TAMS 0x0000000092e00000, 0x0000000092e00000| Untracked 
|  35|0x0000000092f00000, 0x0000000092f00000, 0x0000000093000000|  0%| F|  |TAMS 0x0000000092f00000, 0x0000000092f00000| Untracked 
|  36|0x0000000093000000, 0x0000000093000000, 0x0000000093100000|  0%| F|  |TAMS 0x0000000093000000, 0x0000000093000000| Untracked 
|  37|0x0000000093100000, 0x0000000093100000, 0x0000000093200000|  0%| F|  |TAMS 0x0000000093100000, 0x0000000093100000| Untracked 
|  38|0x0000000093200000, 0x0000000093200000, 0x0000000093300000|  0%| F|  |TAMS 0x0000000093200000, 0x0000000093200000| Untracked 
|  39|0x0000000093300000, 0x0000000093300000, 0x0000000093400000|  0%| F|  |TAMS 0x0000000093300000, 0x0000000093300000| Untracked 
|  40|0x0000000093400000, 0x0000000093400000, 0x0000000093500000|  0%| F|  |TAMS 0x0000000093400000, 0x0000000093400000| Untracked 
|  41|0x0000000093500000, 0x0000000093500000, 0x0000000093600000|  0%| F|  |TAMS 0x0000000093500000, 0x0000000093500000| Untracked 
|  42|0x0000000093600000, 0x0000000093600000, 0x0000000093700000|  0%| F|  |TAMS 0x0000000093600000, 0x0000000093600000| Untracked 
|  43|0x0000000093700000, 0x0000000093700000, 0x0000000093800000|  0%| F|  |TAMS 0x0000000093700000, 0x0000000093700000| Untracked 
|  44|0x0000000093800000, 0x0000000093800000, 0x0000000093900000|  0%| F|  |TAMS 0x0000000093800000, 0x0000000093800000| Untracked 
|  45|0x0000000093900000, 0x0000000093900000, 0x0000000093a00000|  0%| F|  |TAMS 0x0000000093900000, 0x0000000093900000| Untracked 
|  46|0x0000000093a00000, 0x0000000093a00000, 0x0000000093b00000|  0%| F|  |TAMS 0x0000000093a00000, 0x0000000093a00000| Untracked 
|  47|0x0000000093b00000, 0x0000000093b00000, 0x0000000093c00000|  0%| F|  |TAMS 0x0000000093b00000, 0x0000000093b00000| Untracked 
|  48|0x0000000093c00000, 0x0000000093c00000, 0x0000000093d00000|  0%| F|  |TAMS 0x0000000093c00000, 0x0000000093c00000| Untracked 
|  49|0x0000000093d00000, 0x0000000093d00000, 0x0000000093e00000|  0%| F|  |TAMS 0x0000000093d00000, 0x0000000093d00000| Untracked 
|  50|0x0000000093e00000, 0x0000000093e00000, 0x0000000093f00000|  0%| F|  |TAMS 0x0000000093e00000, 0x0000000093e00000| Untracked 
|  51|0x0000000093f00000, 0x0000000093f00000, 0x0000000094000000|  0%| F|  |TAMS 0x0000000093f00000, 0x0000000093f00000| Untracked 
|  52|0x0000000094000000, 0x0000000094000000, 0x0000000094100000|  0%| F|  |TAMS 0x0000000094000000, 0x0000000094000000| Untracked 
|  53|0x0000000094100000, 0x0000000094100000, 0x0000000094200000|  0%| F|  |TAMS 0x0000000094100000, 0x0000000094100000| Untracked 
|  54|0x0000000094200000, 0x0000000094200000, 0x0000000094300000|  0%| F|  |TAMS 0x0000000094200000, 0x0000000094200000| Untracked 
|  55|0x0000000094300000, 0x0000000094300000, 0x0000000094400000|  0%| F|  |TAMS 0x0000000094300000, 0x0000000094300000| Untracked 
|  56|0x0000000094400000, 0x0000000094400000, 0x0000000094500000|  0%| F|  |TAMS 0x0000000094400000, 0x0000000094400000| Untracked 
|  57|0x0000000094500000, 0x0000000094500000, 0x0000000094600000|  0%| F|  |TAMS 0x0000000094500000, 0x0000000094500000| Untracked 
|  58|0x0000000094600000, 0x0000000094600000, 0x0000000094700000|  0%| F|  |TAMS 0x0000000094600000, 0x0000000094600000| Untracked 
|  59|0x0000000094700000, 0x0000000094700000, 0x0000000094800000|  0%| F|  |TAMS 0x0000000094700000, 0x0000000094700000| Untracked 
|  60|0x0000000094800000, 0x0000000094800000, 0x0000000094900000|  0%| F|  |TAMS 0x0000000094800000, 0x0000000094800000| Untracked 
|  61|0x0000000094900000, 0x0000000094900000, 0x0000000094a00000|  0%| F|  |TAMS 0x0000000094900000, 0x0000000094900000| Untracked 
|  62|0x0000000094a00000, 0x0000000094a00000, 0x0000000094b00000|  0%| F|  |TAMS 0x0000000094a00000, 0x0000000094a00000| Untracked 
|  63|0x0000000094b00000, 0x0000000094b00000, 0x0000000094c00000|  0%| F|  |TAMS 0x0000000094b00000, 0x0000000094b00000| Untracked 
|  64|0x0000000094c00000, 0x0000000094c00000, 0x0000000094d00000|  0%| F|  |TAMS 0x0000000094c00000, 0x0000000094c00000| Untracked 
|  65|0x0000000094d00000, 0x0000000094d00000, 0x0000000094e00000|  0%| F|  |TAMS 0x0000000094d00000, 0x0000000094d00000| Untracked 
|  66|0x0000000094e00000, 0x0000000094e00000, 0x0000000094f00000|  0%| F|  |TAMS 0x0000000094e00000, 0x0000000094e00000| Untracked 
|  67|0x0000000094f00000, 0x0000000094f00000, 0x0000000095000000|  0%| F|  |TAMS 0x0000000094f00000, 0x0000000094f00000| Untracked 
|  68|0x0000000095000000, 0x0000000095000000, 0x0000000095100000|  0%| F|  |TAMS 0x0000000095000000, 0x0000000095000000| Untracked 
|  69|0x0000000095100000, 0x0000000095100000, 0x0000000095200000|  0%| F|  |TAMS 0x0000000095100000, 0x0000000095100000| Untracked 
|  70|0x0000000095200000, 0x0000000095200000, 0x0000000095300000|  0%| F|  |TAMS 0x0000000095200000, 0x0000000095200000| Untracked 
|  71|0x0000000095300000, 0x0000000095300000, 0x0000000095400000|  0%| F|  |TAMS 0x0000000095300000, 0x0000000095300000| Untracked 
|  72|0x0000000095400000, 0x0000000095400000, 0x0000000095500000|  0%| F|  |TAMS 0x0000000095400000, 0x0000000095400000| Untracked 
|  73|0x0000000095500000, 0x0000000095500000, 0x0000000095600000|  0%| F|  |TAMS 0x0000000095500000, 0x0000000095500000| Untracked 
|  74|0x0000000095600000, 0x0000000095600000, 0x0000000095700000|  0%| F|  |TAMS 0x0000000095600000, 0x0000000095600000| Untracked 
|  75|0x0000000095700000, 0x0000000095700000, 0x0000000095800000|  0%| F|  |TAMS 0x0000000095700000, 0x0000000095700000| Untracked 
|  76|0x0000000095800000, 0x0000000095800000, 0x0000000095900000|  0%| F|  |TAMS 0x0000000095800000, 0x0000000095800000| Untracked 
|  77|0x0000000095900000, 0x0000000095900000, 0x0000000095a00000|  0%| F|  |TAMS 0x0000000095900000, 0x0000000095900000| Untracked 
|  78|0x0000000095a00000, 0x0000000095a00000, 0x0000000095b00000|  0%| F|  |TAMS 0x0000000095a00000, 0x0000000095a00000| Untracked 
|  79|0x0000000095b00000, 0x0000000095b00000, 0x0000000095c00000|  0%| F|  |TAMS 0x0000000095b00000, 0x0000000095b00000| Untracked 
|  80|0x0000000095c00000, 0x0000000095c00000, 0x0000000095d00000|  0%| F|  |TAMS 0x0000000095c00000, 0x0000000095c00000| Untracked 
|  81|0x0000000095d00000, 0x0000000095d00000, 0x0000000095e00000|  0%| F|  |TAMS 0x0000000095d00000, 0x0000000095d00000| Untracked 
|  82|0x0000000095e00000, 0x0000000095e00000, 0x0000000095f00000|  0%| F|  |TAMS 0x0000000095e00000, 0x0000000095e00000| Untracked 
|  83|0x0000000095f00000, 0x0000000095f00000, 0x0000000096000000|  0%| F|  |TAMS 0x0000000095f00000, 0x0000000095f00000| Untracked 
|  84|0x0000000096000000, 0x0000000096000000, 0x0000000096100000|  0%| F|  |TAMS 0x0000000096000000, 0x0000000096000000| Untracked 
|  85|0x0000000096100000, 0x0000000096100000, 0x0000000096200000|  0%| F|  |TAMS 0x0000000096100000, 0x0000000096100000| Untracked 
|  86|0x0000000096200000, 0x0000000096200000, 0x0000000096300000|  0%| F|  |TAMS 0x0000000096200000, 0x0000000096200000| Untracked 
|  87|0x0000000096300000, 0x0000000096300000, 0x0000000096400000|  0%| F|  |TAMS 0x0000000096300000, 0x0000000096300000| Untracked 
|  88|0x0000000096400000, 0x0000000096400000, 0x0000000096500000|  0%| F|  |TAMS 0x0000000096400000, 0x0000000096400000| Untracked 
|  89|0x0000000096500000, 0x0000000096500000, 0x0000000096600000|  0%| F|  |TAMS 0x0000000096500000, 0x0000000096500000| Untracked 
|  90|0x0000000096600000, 0x0000000096600000, 0x0000000096700000|  0%| F|  |TAMS 0x0000000096600000, 0x0000000096600000| Untracked 
|  91|0x0000000096700000, 0x0000000096700000, 0x0000000096800000|  0%| F|  |TAMS 0x0000000096700000, 0x0000000096700000| Untracked 
|  92|0x0000000096800000, 0x0000000096800000, 0x0000000096900000|  0%| F|  |TAMS 0x0000000096800000, 0x0000000096800000| Untracked 
|  93|0x0000000096900000, 0x0000000096900000, 0x0000000096a00000|  0%| F|  |TAMS 0x0000000096900000, 0x0000000096900000| Untracked 
|  94|0x0000000096a00000, 0x0000000096a00000, 0x0000000096b00000|  0%| F|  |TAMS 0x0000000096a00000, 0x0000000096a00000| Untracked 
|  95|0x0000000096b00000, 0x0000000096b00000, 0x0000000096c00000|  0%| F|  |TAMS 0x0000000096b00000, 0x0000000096b00000| Untracked 
|  96|0x0000000096c00000, 0x0000000096c00000, 0x0000000096d00000|  0%| F|  |TAMS 0x0000000096c00000, 0x0000000096c00000| Untracked 
|  97|0x0000000096d00000, 0x0000000096d00000, 0x0000000096e00000|  0%| F|  |TAMS 0x0000000096d00000, 0x0000000096d00000| Untracked 
|  98|0x0000000096e00000, 0x0000000096e00000, 0x0000000096f00000|  0%| F|  |TAMS 0x0000000096e00000, 0x0000000096e00000| Untracked 
|  99|0x0000000096f00000, 0x0000000096f00000, 0x0000000097000000|  0%| F|  |TAMS 0x0000000096f00000, 0x0000000096f00000| Untracked 
| 100|0x0000000097000000, 0x0000000097000000, 0x0000000097100000|  0%| F|  |TAMS 0x0000000097000000, 0x0000000097000000| Untracked 
| 101|0x0000000097100000, 0x0000000097100000, 0x0000000097200000|  0%| F|  |TAMS 0x0000000097100000, 0x0000000097100000| Untracked 
| 102|0x0000000097200000, 0x0000000097200000, 0x0000000097300000|  0%| F|  |TAMS 0x0000000097200000, 0x0000000097200000| Untracked 
| 103|0x0000000097300000, 0x0000000097300000, 0x0000000097400000|  0%| F|  |TAMS 0x0000000097300000, 0x0000000097300000| Untracked 
| 104|0x0000000097400000, 0x0000000097400000, 0x0000000097500000|  0%| F|  |TAMS 0x0000000097400000, 0x0000000097400000| Untracked 
| 105|0x0000000097500000, 0x0000000097500000, 0x0000000097600000|  0%| F|  |TAMS 0x0000000097500000, 0x0000000097500000| Untracked 
| 106|0x0000000097600000, 0x0000000097600000, 0x0000000097700000|  0%| F|  |TAMS 0x0000000097600000, 0x0000000097600000| Untracked 
| 107|0x0000000097700000, 0x0000000097700000, 0x0000000097800000|  0%| F|  |TAMS 0x0000000097700000, 0x0000000097700000| Untracked 
| 108|0x0000000097800000, 0x0000000097876460, 0x0000000097900000| 46%| E|  |TAMS 0x0000000097800000, 0x0000000097800000| Complete 
| 109|0x0000000097900000, 0x0000000097a00000, 0x0000000097a00000|100%| E|CS|TAMS 0x0000000097900000, 0x0000000097900000| Complete 
| 110|0x0000000097a00000, 0x0000000097b00000, 0x0000000097b00000|100%| E|CS|TAMS 0x0000000097a00000, 0x0000000097a00000| Complete 
| 111|0x0000000097b00000, 0x0000000097c00000, 0x0000000097c00000|100%| E|CS|TAMS 0x0000000097b00000, 0x0000000097b00000| Complete 

Card table byte_map: [0x000002da6c2b0000,0x000002da6c630000] _byte_map_base: 0x000002da6be2a000

Marking Bits (Prev, Next): (CMBitMap*) 0x000002da54ce31d0, (CMBitMap*) 0x000002da54ce3210
 Prev Bits: [0x000002da6c9b0000, 0x000002da6e580000)
 Next Bits: [0x000002da6e580000, 0x000002da70150000)

Polling page: 0x000002da52bd0000

Metaspace:

Usage:
  Non-class:      7.15 MB used.
      Class:    668.05 KB used.
       Both:      7.80 MB used.

Virtual space:
  Non-class space:       64.00 MB reserved,       7.19 MB ( 11%) committed,  1 nodes.
      Class space:        1.00 GB reserved,     768.00 KB ( <1%) committed,  1 nodes.
             Both:        1.06 GB reserved,       7.94 MB ( <1%) committed. 

Chunk freelists:
   Non-Class:  470.00 KB
       Class:  3.22 MB
        Both:  3.68 MB

MaxMetaspaceSize: unlimited
CompressedClassSpaceSize: 1.00 GB
Initial GC threshold: 21.00 MB
Current GC threshold: 21.00 MB
CDS: off
MetaspaceReclaimPolicy: balanced
 - commit_granule_bytes: 65536.
 - commit_granule_words: 8192.
 - virtual_space_node_default_size: 8388608.
 - enlarge_chunks_in_place: 1.
 - new_chunks_are_fully_committed: 0.
 - uncommit_free_chunks: 1.
 - use_allocation_guard: 0.


Internal statistics:

num_allocs_failed_limit: 0.
num_arena_births: 58.
num_arena_deaths: 0.
num_vsnodes_births: 2.
num_vsnodes_deaths: 0.
num_space_committed: 127.
num_space_uncommitted: 0.
num_chunks_returned_to_freelist: 0.
num_chunks_taken_from_freelist: 76.
num_chunk_merges: 0.
num_chunk_splits: 46.
num_chunks_enlarged: 27.
num_inconsistent_stats: 0.

CodeHeap 'non-profiled nmethods': size=120000Kb used=115Kb max_used=115Kb free=119885Kb
 bounds [0x000002da646d0000, 0x000002da64940000, 0x000002da6bc00000]
CodeHeap 'profiled nmethods': size=120000Kb used=419Kb max_used=419Kb free=119581Kb
 bounds [0x000002da5cc00000, 0x000002da5ce70000, 0x000002da64130000]
CodeHeap 'non-nmethods': size=5760Kb used=1203Kb max_used=1218Kb free=4556Kb
 bounds [0x000002da64130000, 0x000002da643a0000, 0x000002da646d0000]
 total_blobs=742 nmethods=340 adapters=313
 compilation: enabled
              stopped_count=0, restarted_count=0
 full_count=0

Compilation events (20 events):
Event: 0.542 Thread 0x000002da04046610 nmethod 327 0x000002da5cc60710 code [0x000002da5cc608a0, 0x000002da5cc609b8]
Event: 0.542 Thread 0x000002da04046610  328       3       java.lang.invoke.MemberName::init (67 bytes)
Event: 0.542 Thread 0x000002da04046610 nmethod 328 0x000002da5cc60a90 code [0x000002da5cc60c40, 0x000002da5cc60e78]
Event: 0.542 Thread 0x000002da04046610  329       3       java.util.ImmutableCollections$ListN::get (7 bytes)
Event: 0.542 Thread 0x000002da04046610 nmethod 329 0x000002da5cc60f10 code [0x000002da5cc610a0, 0x000002da5cc611d8]
Event: 0.542 Thread 0x000002da04046610  331       3       jdk.internal.org.objectweb.asm.Type::getArgumentsAndReturnSizes (140 bytes)
Event: 0.544 Thread 0x000002da04046610 nmethod 331 0x000002da5cc61290 code [0x000002da5cc61680, 0x000002da5cc63498]
Event: 0.544 Thread 0x000002da04046610  333       3       java.util.Arrays::equals (57 bytes)
Event: 0.545 Thread 0x000002da04046610 nmethod 333 0x000002da5cc64010 code [0x000002da5cc64200, 0x000002da5cc647c8]
Event: 0.545 Thread 0x000002da04046610  335       3       java.lang.reflect.Modifier::isStatic (13 bytes)
Event: 0.545 Thread 0x000002da04046610 nmethod 335 0x000002da5cc64990 code [0x000002da5cc64b20, 0x000002da5cc64c78]
Event: 0.545 Thread 0x000002da04046610  336       3       java.lang.invoke.MethodType::equals (56 bytes)
Event: 0.546 Thread 0x000002da04046610 nmethod 336 0x000002da5cc64d10 code [0x000002da5cc64f40, 0x000002da5cc65a58]
Event: 0.546 Thread 0x000002da04046610  337       3       java.lang.invoke.MemberName::isStatic (8 bytes)
Event: 0.546 Thread 0x000002da04046610 nmethod 337 0x000002da5cc65c10 code [0x000002da5cc65dc0, 0x000002da5cc65f98]
Event: 0.546 Thread 0x000002da04046610  339       3       jdk.internal.org.objectweb.asm.SymbolTable::addConstantMemberReference (147 bytes)
Event: 0.547 Thread 0x000002da04046610 nmethod 339 0x000002da5cc66090 code [0x000002da5cc66320, 0x000002da5cc66be8]
Event: 0.547 Thread 0x000002da04046610  338       3       jdk.internal.org.objectweb.asm.ByteVector::put11 (52 bytes)
Event: 0.547 Thread 0x000002da04046610 nmethod 338 0x000002da5cc67110 code [0x000002da5cc672c0, 0x000002da5cc674c8]
Event: 0.547 Thread 0x000002da04046610  340       3       java.lang.invoke.InvokerBytecodeGenerator::emitImplicitConversion (161 bytes)

GC Heap History (0 events):
No events

Dll operation events (7 events):
Event: 0.013 Loaded shared library C:\Program Files\Java\jdk-19\bin\java.dll
Event: 0.096 Loaded shared library C:\Program Files\Java\jdk-19\bin\jsvml.dll
Event: 0.359 Loaded shared library C:\Program Files\Java\jdk-19\bin\net.dll
Event: 0.363 Loaded shared library C:\Program Files\Java\jdk-19\bin\nio.dll
Event: 0.427 Loaded shared library C:\Program Files\Java\jdk-19\bin\zip.dll
Event: 0.462 Loaded shared library C:\Program Files\Java\jdk-19\bin\jimage.dll
Event: 0.502 Loaded shared library C:\Program Files\Java\jdk-19\bin\awt.dll

Deoptimization events (0 events):
No events

Classes loaded (20 events):
Event: 0.527 Loading class java/util/NavigableMap done
Event: 0.527 Loading class java/util/TreeMap done
Event: 0.527 Loading class java/lang/invoke/LambdaFormEditor$1
Event: 0.528 Loading class java/lang/invoke/LambdaFormEditor$1 done
Event: 0.528 Loading class java/util/TreeMap$Entry
Event: 0.528 Loading class java/util/TreeMap$Entry done
Event: 0.528 Loading class java/util/TreeMap$EntrySet
Event: 0.529 Loading class java/util/TreeMap$EntrySet done
Event: 0.529 Loading class java/util/TreeMap$EntryIterator
Event: 0.529 Loading class java/util/TreeMap$PrivateEntryIterator
Event: 0.529 Loading class java/util/TreeMap$PrivateEntryIterator done
Event: 0.529 Loading class java/util/TreeMap$EntryIterator done
Event: 0.531 Loading class java/io/FileNotFoundException
Event: 0.532 Loading class java/io/FileNotFoundException done
Event: 0.541 Loading class java/lang/invoke/BoundMethodHandle$Species_LLLJ
Event: 0.541 Loading class java/lang/invoke/BoundMethodHandle$Species_LLLJ done
Event: 0.548 Loading class java/awt/Insets
Event: 0.548 Loading class java/awt/Insets done
Event: 0.548 Loading class java/awt/GraphicsEnvironment
Event: 0.548 Loading class java/awt/GraphicsEnvironment done

Classes unloaded (0 events):
No events

Classes redefined (0 events):
No events

Internal exceptions (7 events):
Event: 0.368 Thread 0x000002da54c8a030 Exception <a 'sun/nio/fs/WindowsException'{0x0000000097a5ee38}> (0x0000000097a5ee38) 
thrown [s\open\src\hotspot\share\prims\jni.cpp, line 517]
Event: 0.368 Thread 0x000002da54c8a030 Exception <a 'sun/nio/fs/WindowsException'{0x0000000097a5f388}> (0x0000000097a5f388) 
thrown [s\open\src\hotspot\share\prims\jni.cpp, line 517]
Event: 0.372 Thread 0x000002da54c8a030 Exception <a 'sun/nio/fs/WindowsException'{0x0000000097a616d0}> (0x0000000097a616d0) 
thrown [s\open\src\hotspot\share\prims\jni.cpp, line 517]
Event: 0.373 Thread 0x000002da54c8a030 Exception <a 'sun/nio/fs/WindowsException'{0x0000000097a62188}> (0x0000000097a62188) 
thrown [s\open\src\hotspot\share\prims\jni.cpp, line 517]
Event: 0.480 Thread 0x000002da54c8a030 Exception <a 'java/lang/ClassNotFoundException'{0x00000000979aa230}: sun/awt/resources/spi/awtProvider> (0x00000000979aa230) 
thrown [s\open\src\hotspot\share\classfile\systemDictionary.cpp, line 255]
Event: 0.532 Thread 0x000002da54c8a030 Exception <a 'java/io/FileNotFoundException'{0x00000000978039f8}> (0x00000000978039f8) 
thrown [s\open\src\hotspot\share\prims\jni.cpp, line 517]
Event: 0.547 Thread 0x000002da54c8a030 Exception <a 'java/io/FileNotFoundException'{0x000000009782ff28}> (0x000000009782ff28) 
thrown [s\open\src\hotspot\share\prims\jni.cpp, line 517]

VM Operations (2 events):
Event: 0.377 Executing VM operation: HandshakeAllThreads
Event: 0.377 Executing VM operation: HandshakeAllThreads done

Events (12 events):
Event: 0.096 Thread 0x000002da54c8a030 Thread added: 0x000002da54c8a030
Event: 0.165 Thread 0x000002da04070550 Thread added: 0x000002da04070550
Event: 0.165 Thread 0x000002da04071340 Thread added: 0x000002da04071340
Event: 0.169 Thread 0x000002da04080ab0 Thread added: 0x000002da04080ab0
Event: 0.169 Thread 0x000002da04081950 Thread added: 0x000002da04081950
Event: 0.169 Thread 0x000002da04058a90 Thread added: 0x000002da04058a90
Event: 0.169 Thread 0x000002da040597d0 Thread added: 0x000002da040597d0
Event: 0.170 Thread 0x000002da0405ac50 Thread added: 0x000002da0405ac50
Event: 0.170 Thread 0x000002da04046610 Thread added: 0x000002da04046610
Event: 0.170 Thread 0x000002da040477a0 Thread added: 0x000002da040477a0
Event: 0.311 Thread 0x000002da04222020 Thread added: 0x000002da04222020
Event: 0.399 Thread 0x000002da042dae80 Thread added: 0x000002da042dae80


Dynamic libraries:
0x00007ff6b22e0000 - 0x00007ff6b22f0000 	C:\Program Files\Java\jdk-19\bin\java.exe
0x00007ffc4b7f0000 - 0x00007ffc4b9e8000 	C:\Windows\SYSTEM32\ntdll.dll
0x00007ffc4b270000 - 0x00007ffc4b32f000 	C:\Windows\System32\KERNEL32.DLL
0x00007ffc48fb0000 - 0x00007ffc49282000 	C:\Windows\System32\KERNELBASE.dll
0x00007ffc492c0000 - 0x00007ffc493c0000 	C:\Windows\System32\ucrtbase.dll
0x00007ffc41260000 - 0x00007ffc4127b000 	C:\Program Files\Java\jdk-19\bin\VCRUNTIME140.dll
0x00007ffc412a0000 - 0x00007ffc412b8000 	C:\Program Files\Java\jdk-19\bin\jli.dll
0x00007ffc4a1e0000 - 0x00007ffc4a28e000 	C:\Windows\System32\ADVAPI32.dll
0x00007ffc4ad60000 - 0x00007ffc4adfe000 	C:\Windows\System32\msvcrt.dll
0x00007ffc4a410000 - 0x00007ffc4a4ac000 	C:\Windows\System32\sechost.dll
0x00007ffc4a0b0000 - 0x00007ffc4a1d5000 	C:\Windows\System32\RPCRT4.dll
0x00007ffc4aba0000 - 0x00007ffc4ad41000 	C:\Windows\System32\USER32.dll
0x00007ffc2e730000 - 0x00007ffc2e9ca000 	C:\Windows\WinSxS\amd64_microsoft.windows.common-controls_6595b64144ccf1df_6.0.19041.1110_none_60b5254171f9507e\COMCTL32.dll
0x00007ffc48ee0000 - 0x00007ffc48f02000 	C:\Windows\System32\win32u.dll
0x00007ffc4a520000 - 0x00007ffc4a54b000 	C:\Windows\System32\GDI32.dll
0x00007ffc49720000 - 0x00007ffc4982f000 	C:\Windows\System32\gdi32full.dll
0x00007ffc48f10000 - 0x00007ffc48fad000 	C:\Windows\System32\msvcp_win.dll
0x00007ffc40c90000 - 0x00007ffc40c9a000 	C:\Windows\SYSTEM32\VERSION.dll
0x00007ffc4a070000 - 0x00007ffc4a0a2000 	C:\Windows\System32\IMM32.DLL
0x00007ffc449c0000 - 0x00007ffc449cc000 	C:\Program Files\Java\jdk-19\bin\vcruntime140_1.dll
0x00007ffc3ac90000 - 0x00007ffc3ad1e000 	C:\Program Files\Java\jdk-19\bin\msvcp140.dll
0x00007ffbdbfa0000 - 0x00007ffbdcc60000 	C:\Program Files\Java\jdk-19\bin\server\jvm.dll
0x00007ffc393b0000 - 0x00007ffc393b9000 	C:\Windows\SYSTEM32\WSOCK32.dll
0x00007ffc3f860000 - 0x00007ffc3f887000 	C:\Windows\SYSTEM32\WINMM.dll
0x00007ffc4a4b0000 - 0x00007ffc4a51b000 	C:\Windows\System32\WS2_32.dll
0x00007ffc46da0000 - 0x00007ffc46db2000 	C:\Windows\SYSTEM32\kernel.appcore.dll
0x00007ffc41210000 - 0x00007ffc4121a000 	C:\Program Files\Java\jdk-19\bin\jimage.dll
0x00007ffc39d70000 - 0x00007ffc39f54000 	C:\Windows\SYSTEM32\DBGHELP.DLL
0x00007ffc38e90000 - 0x00007ffc38ec5000 	C:\Windows\SYSTEM32\dbgcore.DLL
0x00007ffc49430000 - 0x00007ffc494b2000 	C:\Windows\System32\bcryptPrimitives.dll
0x00007ffc41180000 - 0x00007ffc411a6000 	C:\Program Files\Java\jdk-19\bin\java.dll
0x00007ffc3adf0000 - 0x00007ffc3aec7000 	C:\Program Files\Java\jdk-19\bin\jsvml.dll
0x00007ffc49920000 - 0x00007ffc4a065000 	C:\Windows\System32\SHELL32.dll
0x00007ffc46fa0000 - 0x00007ffc47732000 	C:\Windows\SYSTEM32\windows.storage.dll
0x00007ffc4a700000 - 0x00007ffc4aa55000 	C:\Windows\System32\combase.dll
0x00007ffc48860000 - 0x00007ffc48890000 	C:\Windows\SYSTEM32\Wldp.dll
0x00007ffc4aaf0000 - 0x00007ffc4ab9d000 	C:\Windows\System32\SHCORE.dll
0x00007ffc49840000 - 0x00007ffc49895000 	C:\Windows\System32\shlwapi.dll
0x00007ffc48e20000 - 0x00007ffc48e3f000 	C:\Windows\SYSTEM32\profapi.dll
0x00007ffc3c870000 - 0x00007ffc3c883000 	C:\Program Files\Java\jdk-19\bin\net.dll
0x00007ffc3ffa0000 - 0x00007ffc400ac000 	C:\Windows\SYSTEM32\WINHTTP.dll
0x00007ffc485c0000 - 0x00007ffc4862a000 	C:\Windows\system32\mswsock.dll
0x00007ffc3add0000 - 0x00007ffc3ade6000 	C:\Program Files\Java\jdk-19\bin\nio.dll
0x00007ffc3adb0000 - 0x00007ffc3adc8000 	C:\Program Files\Java\jdk-19\bin\zip.dll
0x00007ffc16f60000 - 0x00007ffc170f1000 	C:\Program Files\Java\jdk-19\bin\awt.dll
0x00007ffc4b330000 - 0x00007ffc4b3fd000 	C:\Windows\System32\OLEAUT32.dll
0x00007ffc466f0000 - 0x00007ffc46780000 	C:\Windows\SYSTEM32\apphelp.dll

dbghelp: loaded successfully - version: 4.0.5 - missing functions: none
symbol engine: initialized successfully - sym options: 0x614 - pdb path: .;C:\Program Files\Java\jdk-19\bin;C:\Windows\SYSTEM32;C:\Windows\WinSxS\amd64_microsoft.windows.common-controls_6595b64144ccf1df_6.0.19041.1110_none_60b5254171f9507e;C:\Program Files\Java\jdk-19\bin\server

VM Arguments:
jvm_args: -Dfile.encoding=UTF-8 --module-path=C:\Users\pc\Documents\NetBeansProjects\Gas Booking System\build\classes 
java_command: gas.booking.system.Booking
java_class_path (initial): C:\Users\pc\Downloads\mysql-connector-java-8.0.28.jar;C:\Users\pc\Documents\NetBeansProjects\Gas Booking System\build\classes
Launcher Type: SUN_STANDARD

[Global flags]
     intx CICompilerCount                          = 4                                         {product} {ergonomic}
     uint ConcGCThreads                            = 2                                         {product} {ergonomic}
     uint G1ConcRefinementThreads                  = 8                                         {product} {ergonomic}
   size_t G1HeapRegionSize                         = 1048576                                   {product} {ergonomic}
    uintx GCDrainStackTargetSize                   = 64                                        {product} {ergonomic}
   size_t InitialHeapSize                          = 117440512                                 {product} {ergonomic}
   size_t MarkStackSize                            = 4194304                                   {product} {ergonomic}
   size_t MaxHeapSize                              = 1866465280                                {product} {ergonomic}
   size_t MaxNewSize                               = 1119879168                                {product} {ergonomic}
   size_t MinHeapDeltaBytes                        = 1048576                                   {product} {ergonomic}
   size_t MinHeapSize                              = 8388608                                   {product} {ergonomic}
    uintx NonNMethodCodeHeapSize                   = 5839372                                {pd product} {ergonomic}
    uintx NonProfiledCodeHeapSize                  = 122909434                              {pd product} {ergonomic}
    uintx ProfiledCodeHeapSize                     = 122909434                              {pd product} {ergonomic}
    uintx ReservedCodeCacheSize                    = 251658240                              {pd product} {ergonomic}
     bool SegmentedCodeCache                       = true                                      {product} {ergonomic}
   size_t SoftMaxHeapSize                          = 1866465280                             {manageable} {ergonomic}
     bool UseCompressedClassPointers               = true                           {product lp64_product} {ergonomic}
     bool UseCompressedOops                        = true                           {product lp64_product} {ergonomic}
     bool UseG1GC                                  = true                                      {product} {ergonomic}
     bool UseLargePagesIndividualAllocation        = false                                  {pd product} {ergonomic}

Logging:
Log output configuration:
 #0: stdout all=warning uptime,level,tags foldmultilines=false
 #1: stderr all=off uptime,level,tags foldmultilines=false

Environment Variables:
PATH=C:\oraclexe\app\oracle\product\11.2.0\server\bin;;C:\Program Files\Common Files\Oracle\Java\javapath;C:\Program Files\Python310\Scripts\;C:\Program Files\Python310\;C:\Program Files (x86)\Common Files\Oracle\Java\javapath;C:\Windows\system32;C:\Windows;C:\Windows\System32\Wbem;C:\Windows\System32\WindowsPowerShell\v1.0\;C:\Windows\System32\OpenSSH\;C:\MinGW\bin;C:\Program Files\Microsoft VS Code\bin;C:\Program Files\dotnet\;C:\Program Files\Cloudflare\Cloudflare WARP\;C:\Program Files\MySQL\MySQL Shell 8.0\bin\;C:\Users\pc\AppData\Local\Microsoft\WindowsApps;;C:\Program Files\JetBrains\PyCharm Community Edition 2022.2.3\bin;;C:\Users\pc\.dotnet\tools
USERNAME=pc
OS=Windows_NT
PROCESSOR_IDENTIFIER=AMD64 Family 23 Model 17 Stepping 0, AuthenticAMD
TMP=C:\Users\pc\AppData\Local\Temp
TEMP=C:\Users\pc\AppData\Local\Temp



---------------  S Y S T E M  ---------------

OS:
 Windows 10 , 64 bit Build 19041 (10.0.19041.2546)
OS uptime: 4 days 6:44 hours

CPU: total 8 (initial active 8) (8 cores per cpu, 2 threads per core) family 23 model 17 stepping 0 microcode 0x0, cx8, cmov, fxsr, ht, mmx, 3dnowpref, sse, sse2, sse3, ssse3, sse4a, sse4.1, sse4.2, popcnt, lzcnt, tsc, tscinvbit, avx, avx2, aes, clmul, bmi1, bmi2, adx, sha, fma, vzeroupper, clflush, clflushopt, rdtscp

Memory: 4k page, system-wide physical 7117M (266M free)
TotalPageFile size 28621M (AvailPageFile size 3M)
current process WorkingSet (physical memory assigned to process): 36M, peak: 36M
current process commit charge ("private bytes"): 193M, peak: 193M

vm_info: Java HotSpot(TM) 64-Bit Server VM (19.0.1+10-21) for windows-amd64 JRE (19.0.1+10-21), built on 2022-09-14T12:45:06Z by "mach5one" with MS VC++ 17.1 (VS2022)

END.
