#
# There is insufficient memory for the Java Runtime Environment to continue.
# Native memory allocation (mmap) failed to map 117440512 bytes for G1 virtual space
# Possible reasons:
#   The system is out of physical RAM or swap space
#   The process is running with CompressedOops enabled, and the Java Heap may be blocking the growth of the native heap
# Possible solutions:
#   Reduce memory load on the system
#   Increase physical memory or swap space
#   Check if swap backing store is full
#   Decrease Java heap size (-Xmx/-Xms)
#   Decrease number of Java threads
#   Decrease Java thread stack sizes (-Xss)
#   Set larger code cache with -XX:ReservedCodeCacheSize=
#   JVM is running with Unscaled Compressed Oops mode in which the Java heap is
#     placed in the first 4GB address space. The Java Heap base address is the
#     maximum limit for the native heap growth. Please use -XX:HeapBaseMinAddress
#     to set the Java Heap base and to place the Java Heap above 4GB virtual address.
# This output file may be truncated or incomplete.
#
#  Out of Memory Error (os_windows.cpp:3527), pid=10072, tid=25652
#
# JRE version:  (19.0.1+10) (build )
# Java VM: Java HotSpot(TM) 64-Bit Server VM (19.0.1+10-21, mixed mode, sharing, tiered, compressed oops, compressed class ptrs, g1 gc, windows-amd64)
# No core dump will be written. Minidumps are not enabled by default on client versions of Windows
#

---------------  S U M M A R Y ------------

Command Line: -Dfile.encoding=UTF-8 --module-path=C:\Users\pc\Documents\NetBeansProjects\Gas Booking System\build\classes gas.booking.system.Booking

Host: AMD Ryzen 5 2500U with Radeon Vega Mobile Gfx  , 8 cores, 6G,  Windows 10 , 64 bit Build 19041 (10.0.19041.2546)
Time: Sun Jan 29 01:34:18 2023 India Standard Time elapsed time: 0.038768 seconds (0d 0h 0m 0s)

---------------  T H R E A D  ---------------

Current thread (0x000002019a6bad20):  JavaThread "Unknown thread" [_thread_in_vm, id=25652, stack(0x000000f8d7e00000,0x000000f8d7f00000)]

Stack: [0x000000f8d7e00000,0x000000f8d7f00000]
Native frames: (J=compiled Java code, j=interpreted, Vv=VM code, C=native code)
V  [jvm.dll+0x6ee8fa]
V  [jvm.dll+0x857a1e]
V  [jvm.dll+0x85940e]
V  [jvm.dll+0x859ac3]
V  [jvm.dll+0x28291f]
V  [jvm.dll+0x6eb6e9]
V  [jvm.dll+0x6e028a]
V  [jvm.dll+0x357136]
V  [jvm.dll+0x35eb96]
V  [jvm.dll+0x3b555e]
V  [jvm.dll+0x3b578f]
V  [jvm.dll+0x32c6ea]
V  [jvm.dll+0x32d59e]
V  [jvm.dll+0x821b20]
V  [jvm.dll+0x3c27c1]
V  [jvm.dll+0x8022f1]
V  [jvm.dll+0x44b30f]
V  [jvm.dll+0x44cc91]
C  [jli.dll+0x5287]
C  [ucrtbase.dll+0x21bb2]
C  [KERNEL32.DLL+0x17614]
C  [ntdll.dll+0x526a1]


---------------  P R O C E S S  ---------------

Threads class SMR info:
_java_thread_list=0x00007ffbdcb1d048, length=0, elements={
}

Java Threads: ( => current thread )

Other Threads:
  0x000002019a7138d0 WorkerThread "GC Thread#0" [stack: 0x000000f8d7f00000,0x000000f8d8000000] [id=25656]
  0x000002019a722850 ConcurrentGCThread "G1 Main Marker" [stack: 0x000000f8d8000000,0x000000f8d8100000] [id=25660]
  0x000002019a723a20 WorkerThread "G1 Conc#0" [stack: 0x000000f8d8100000,0x000000f8d8200000] [id=25664]

[error occurred during error reporting (printing all threads), id 0xc0000005, EXCEPTION_ACCESS_VIOLATION (0xc0000005) at pc=0x00007ffbdc2dd127]

VM state: not at safepoint (not fully initialized)

VM Mutex/Monitor currently owned by a thread:  ([mutex/lock_event])
[0x000002019a6b6c00] Heap_lock - owner thread: 0x000002019a6bad20

Heap address: 0x0000000090c00000, size: 1780 MB, Compressed Oops mode: 32-bit

CDS archive(s) mapped at: [0x0000000000000000-0x0000000000000000-0x0000000000000000), size 0, SharedBaseAddress: 0x0000000800000000, ArchiveRelocationMode: 0.
Narrow klass base: 0x0000000000000000, Narrow klass shift: 0, Narrow klass range: 0x0

GC Precious Log:
 CardTable entry size: 512
 Card Set container configuration: InlinePtr #cards 5 size 8 Array Of Cards #cards 12 size 40 Howl #buckets 4 coarsen threshold 1843 Howl Bitmap #cards 512 size 80 coarsen threshold 460 Card regions per heap region 1 cards per card region 2048

Heap:
 garbage-first heap   total 0K, used 0K [0x0000000090c00000, 0x0000000100000000)
  region size 1024K, 0 young (0K), 0 survivors (0K)

[error occurred during error reporting (printing heap information), id 0xc0000005, EXCEPTION_ACCESS_VIOLATION (0xc0000005) at pc=0x00007ffbdc6e6959]

GC Heap History (0 events):
No events

Dll operation events (1 events):
Event: 0.019 Loaded shared library C:\Program Files\Java\jdk-19\bin\java.dll

Deoptimization events (0 events):
No events

Classes loaded (0 events):
No events

Classes unloaded (0 events):
No events

Classes redefined (0 events):
No events

Internal exceptions (0 events):
No events

VM Operations (0 events):
No events

Events (0 events):
No events


Dynamic libraries:
0x00007ff6b22e0000 - 0x00007ff6b22f0000 	C:\Program Files\Java\jdk-19\bin\java.exe
0x00007ffc4b7f0000 - 0x00007ffc4b9e8000 	C:\Windows\SYSTEM32\ntdll.dll
0x00007ffc4b270000 - 0x00007ffc4b32f000 	C:\Windows\System32\KERNEL32.DLL
0x00007ffc48fb0000 - 0x00007ffc49282000 	C:\Windows\System32\KERNELBASE.dll
0x00007ffc492c0000 - 0x00007ffc493c0000 	C:\Windows\System32\ucrtbase.dll
0x00007ffc41260000 - 0x00007ffc4127b000 	C:\Program Files\Java\jdk-19\bin\VCRUNTIME140.dll
0x00007ffc412a0000 - 0x00007ffc412b8000 	C:\Program Files\Java\jdk-19\bin\jli.dll
0x00007ffc4a1e0000 - 0x00007ffc4a28e000 	C:\Windows\System32\ADVAPI32.dll
0x00007ffc4ad60000 - 0x00007ffc4adfe000 	C:\Windows\System32\msvcrt.dll
0x00007ffc4a410000 - 0x00007ffc4a4ac000 	C:\Windows\System32\sechost.dll
0x00007ffc4a0b0000 - 0x00007ffc4a1d5000 	C:\Windows\System32\RPCRT4.dll
0x00007ffc4aba0000 - 0x00007ffc4ad41000 	C:\Windows\System32\USER32.dll
0x00007ffc2e730000 - 0x00007ffc2e9ca000 	C:\Windows\WinSxS\amd64_microsoft.windows.common-controls_6595b64144ccf1df_6.0.19041.1110_none_60b5254171f9507e\COMCTL32.dll
0x00007ffc48ee0000 - 0x00007ffc48f02000 	C:\Windows\System32\win32u.dll
0x00007ffc4a520000 - 0x00007ffc4a54b000 	C:\Windows\System32\GDI32.dll
0x00007ffc49720000 - 0x00007ffc4982f000 	C:\Windows\System32\gdi32full.dll
0x00007ffc40c90000 - 0x00007ffc40c9a000 	C:\Windows\SYSTEM32\VERSION.dll
0x00007ffc48f10000 - 0x00007ffc48fad000 	C:\Windows\System32\msvcp_win.dll
0x00007ffc4a070000 - 0x00007ffc4a0a2000 	C:\Windows\System32\IMM32.DLL
0x00007ffc449c0000 - 0x00007ffc449cc000 	C:\Program Files\Java\jdk-19\bin\vcruntime140_1.dll
0x00007ffc3ac90000 - 0x00007ffc3ad1e000 	C:\Program Files\Java\jdk-19\bin\msvcp140.dll
0x00007ffbdbfa0000 - 0x00007ffbdcc60000 	C:\Program Files\Java\jdk-19\bin\server\jvm.dll
0x00007ffc393b0000 - 0x00007ffc393b9000 	C:\Windows\SYSTEM32\WSOCK32.dll
0x00007ffc3f860000 - 0x00007ffc3f887000 	C:\Windows\SYSTEM32\WINMM.dll
0x00007ffc4a4b0000 - 0x00007ffc4a51b000 	C:\Windows\System32\WS2_32.dll
0x00007ffc46da0000 - 0x00007ffc46db2000 	C:\Windows\SYSTEM32\kernel.appcore.dll
0x00007ffc41210000 - 0x00007ffc4121a000 	C:\Program Files\Java\jdk-19\bin\jimage.dll
0x00007ffc39d70000 - 0x00007ffc39f54000 	C:\Windows\SYSTEM32\DBGHELP.DLL
0x00007ffc38e90000 - 0x00007ffc38ec5000 	C:\Windows\SYSTEM32\dbgcore.DLL
0x00007ffc49430000 - 0x00007ffc494b2000 	C:\Windows\System32\bcryptPrimitives.dll
0x00007ffc41180000 - 0x00007ffc411a6000 	C:\Program Files\Java\jdk-19\bin\java.dll

dbghelp: loaded successfully - version: 4.0.5 - missing functions: none
symbol engine: initialized successfully - sym options: 0x614 - pdb path: .;C:\Program Files\Java\jdk-19\bin;C:\Windows\SYSTEM32;C:\Windows\WinSxS\amd64_microsoft.windows.common-controls_6595b64144ccf1df_6.0.19041.1110_none_60b5254171f9507e;C:\Program Files\Java\jdk-19\bin\server

VM Arguments:
jvm_args: -Dfile.encoding=UTF-8 --module-path=C:\Users\pc\Documents\NetBeansProjects\Gas Booking System\build\classes 
java_command: gas.booking.system.Booking
java_class_path (initial): C:\Users\pc\Downloads\mysql-connector-java-8.0.28.jar;C:\Users\pc\Documents\NetBeansProjects\Gas Booking System\build\classes
Launcher Type: SUN_STANDARD

[Global flags]
     intx CICompilerCount                          = 4                                         {product} {ergonomic}
     uint ConcGCThreads                            = 2                                         {product} {ergonomic}
     uint G1ConcRefinementThreads                  = 8                                         {product} {ergonomic}
   size_t G1HeapRegionSize                         = 1048576                                   {product} {ergonomic}
    uintx GCDrainStackTargetSize                   = 64                                        {product} {ergonomic}
   size_t InitialHeapSize                          = 117440512                                 {product} {ergonomic}
   size_t MarkStackSize                            = 4194304                                   {product} {ergonomic}
   size_t MaxHeapSize                              = 1866465280                                {product} {ergonomic}
   size_t MinHeapDeltaBytes                        = 1048576                                   {product} {ergonomic}
   size_t MinHeapSize                              = 8388608                                   {product} {ergonomic}
    uintx NonNMethodCodeHeapSize                   = 5839372                                {pd product} {ergonomic}
    uintx NonProfiledCodeHeapSize                  = 122909434                              {pd product} {ergonomic}
    uintx ProfiledCodeHeapSize                     = 122909434                              {pd product} {ergonomic}
    uintx ReservedCodeCacheSize                    = 251658240                              {pd product} {ergonomic}
     bool SegmentedCodeCache                       = true                                      {product} {ergonomic}
   size_t SoftMaxHeapSize                          = 1866465280                             {manageable} {ergonomic}
     bool UseCompressedClassPointers               = true                           {product lp64_product} {ergonomic}
     bool UseCompressedOops                        = true                           {product lp64_product} {ergonomic}
     bool UseG1GC                                  = true                                      {product} {ergonomic}
     bool UseLargePagesIndividualAllocation        = false                                  {pd product} {ergonomic}

Logging:
Log output configuration:
 #0: stdout all=warning uptime,level,tags foldmultilines=false
 #1: stderr all=off uptime,level,tags foldmultilines=false

Environment Variables:
PATH=C:\oraclexe\app\oracle\product\11.2.0\server\bin;;C:\Program Files\Common Files\Oracle\Java\javapath;C:\Program Files\Python310\Scripts\;C:\Program Files\Python310\;C:\Program Files (x86)\Common Files\Oracle\Java\javapath;C:\Windows\system32;C:\Windows;C:\Windows\System32\Wbem;C:\Windows\System32\WindowsPowerShell\v1.0\;C:\Windows\System32\OpenSSH\;C:\MinGW\bin;C:\Program Files\Microsoft VS Code\bin;C:\Program Files\dotnet\;C:\Program Files\Cloudflare\Cloudflare WARP\;C:\Program Files\MySQL\MySQL Shell 8.0\bin\;C:\Users\pc\AppData\Local\Microsoft\WindowsApps;;C:\Program Files\JetBrains\PyCharm Community Edition 2022.2.3\bin;;C:\Users\pc\.dotnet\tools
USERNAME=pc
OS=Windows_NT
PROCESSOR_IDENTIFIER=AMD64 Family 23 Model 17 Stepping 0, AuthenticAMD
TMP=C:\Users\pc\AppData\Local\Temp
TEMP=C:\Users\pc\AppData\Local\Temp



---------------  S Y S T E M  ---------------

OS:
 Windows 10 , 64 bit Build 19041 (10.0.19041.2546)
OS uptime: 4 days 6:41 hours

CPU: total 8 (initial active 8) (8 cores per cpu, 2 threads per core) family 23 model 17 stepping 0 microcode 0x0, cx8, cmov, fxsr, ht, mmx, 3dnowpref, sse, sse2, sse3, ssse3, sse4a, sse4.1, sse4.2, popcnt, lzcnt, tsc, tscinvbit, avx, avx2, aes, clmul, bmi1, bmi2, adx, sha, fma, vzeroupper, clflush, clflushopt, rdtscp

Memory: 4k page, system-wide physical 7117M (298M free)
TotalPageFile size 28621M (AvailPageFile size 113M)
current process WorkingSet (physical memory assigned to process): 10M, peak: 10M
current process commit charge ("private bytes"): 60M, peak: 172M

vm_info: Java HotSpot(TM) 64-Bit Server VM (19.0.1+10-21) for windows-amd64 JRE (19.0.1+10-21), built on 2022-09-14T12:45:06Z by "mach5one" with MS VC++ 17.1 (VS2022)

END.
